INFO: Running with entropic power schedule (0xFF, 100).
INFO: Seed: 2533899321
INFO: Loaded 1 modules   (373 inline 8-bit counters): 373 [0x55fc8136c8e0, 0x55fc8136ca55), 
INFO: Loaded 1 PC tables (373 PCs): 373 [0xc000070000,0xc000071750), 
MERGE-OUTER: 20 files, 0 in the initial corpus, 0 processed earlier
MERGE-OUTER: attempt 1
INFO: Running with entropic power schedule (0xFF, 100).
INFO: Seed: 2533905733
INFO: Loaded 1 modules   (373 inline 8-bit counters): 373 [0x562b3b72c8e0, 0x562b3b72ca55), 
INFO: Loaded 1 PC tables (373 PCs): 373 [0xc000074000,0xc000075750), 
INFO: -max_len is not provided; libFuzzer will not generate inputs larger than 1048576 bytes
MERGE-INNER: using the control file '/tmp/libFuzzerTemp.Merge75.txt'
MERGE-INNER: 20 total files; 0 processed earlier; will process 20 files now
#1	pulse  cov: 17 ft: 17 exec/s: 0 rss: 30Mb
#2	pulse  cov: 21 ft: 23 exec/s: 0 rss: 30Mb
#4	pulse  cov: 36 ft: 38 exec/s: 0 rss: 30Mb
#8	pulse  cov: 36 ft: 47 exec/s: 0 rss: 30Mb
#16	pulse  cov: 36 ft: 69 exec/s: 0 rss: 30Mb
#20	DONE   cov: 36 ft: 79 exec/s: 0 rss: 30Mb
MERGE-OUTER: successful in 1 attempt(s)
MERGE-OUTER: the control file has 2765 bytes
MERGE-OUTER: consumed 0Mb (31Mb rss) to parse the control file
MERGE-OUTER: 18 new files with 79 new features added; 36 new coverage edges
